


ARM Macro Assembler    Page 1 


    1 00000000         ;/*-----------------------------------------------------
                       -----------------------
    2 00000000         ; *      RL-ARM - RTX
    3 00000000         ; *-----------------------------------------------------
                       -----------------------
    4 00000000         ; *      Name:    SVC_TABLE.S
    5 00000000         ; *      Purpose: Pre-defined SVC Table for Cortex-M
    6 00000000         ; *      Rev.:    V4.70
    7 00000000         ; *-----------------------------------------------------
                       -----------------------
    8 00000000         ; *
    9 00000000         ; * Copyright (c) 1999-2009 KEIL, 2009-2013 ARM Germany 
                       GmbH
   10 00000000         ; * All rights reserved.
   11 00000000         ; * Redistribution and use in source and binary forms, w
                       ith or without
   12 00000000         ; * modification, are permitted provided that the follow
                       ing conditions are met:
   13 00000000         ; *  - Redistributions of source code must retain the ab
                       ove copyright
   14 00000000         ; *    notice, this list of conditions and the following
                        disclaimer.
   15 00000000         ; *  - Redistributions in binary form must reproduce the
                        above copyright
   16 00000000         ; *    notice, this list of conditions and the following
                        disclaimer in the
   17 00000000         ; *    documentation and/or other materials provided wit
                       h the distribution.
   18 00000000         ; *  - Neither the name of ARM  nor the names of its con
                       tributors may be used 
   19 00000000         ; *    to endorse or promote products derived from this 
                       software without 
   20 00000000         ; *    specific prior written permission.
   21 00000000         ; *
   22 00000000         ; * THIS SOFTWARE IS PROVIDED BY THE COPYRIGHT HOLDERS A
                       ND CONTRIBUTORS "AS IS" 
   23 00000000         ; * AND ANY EXPRESS OR IMPLIED WARRANTIES, INCLUDING, BU
                       T NOT LIMITED TO, THE 
   24 00000000         ; * IMPLIED WARRANTIES OF MERCHANTABILITY AND FITNESS FO
                       R A PARTICULAR PURPOSE
   25 00000000         ; * ARE DISCLAIMED. IN NO EVENT SHALL COPYRIGHT HOLDERS 
                       AND CONTRIBUTORS BE
   26 00000000         ; * LIABLE FOR ANY DIRECT, INDIRECT, INCIDENTAL, SPECIAL
                       , EXEMPLARY, OR
   27 00000000         ; * CONSEQUENTIAL DAMAGES (INCLUDING, BUT NOT LIMITED TO
                       , PROCUREMENT OF 
   28 00000000         ; * SUBSTITUTE GOODS OR SERVICES; LOSS OF USE, DATA, OR 
                       PROFITS; OR BUSINESS 
   29 00000000         ; * INTERRUPTION) HOWEVER CAUSED AND ON ANY THEORY OF LI
                       ABILITY, WHETHER IN 
   30 00000000         ; * CONTRACT, STRICT LIABILITY, OR TORT (INCLUDING NEGLI
                       GENCE OR OTHERWISE) 
   31 00000000         ; * ARISING IN ANY WAY OUT OF THE USE OF THIS SOFTWARE, 
                       EVEN IF ADVISED OF THE
   32 00000000         ; * POSSIBILITY OF SUCH DAMAGE.
   33 00000000         ; *-----------------------------------------------------
                       ----------------------*/
   34 00000000         
   35 00000000         



ARM Macro Assembler    Page 2 


   36 00000000                 AREA             SVC_TABLE, CODE, READONLY
   37 00000000         
   38 00000000                 EXPORT           SVC_Count
   39 00000000         
   40 00000000 00000000 
                       SVC_Cnt EQU              (SVC_End-SVC_Table)/4
   41 00000000 00000000 
                       SVC_Count
                               DCD              SVC_Cnt
   42 00000004         
   43 00000004         ; Import user SVC functions here.
   44 00000004         ;               IMPORT  __SVC_1
   45 00000004         
   46 00000004                 EXPORT           SVC_Table
   47 00000004         SVC_Table
   48 00000004         ; Insert user SVC functions here. SVC 0 used by RTL Kern
                       el.
   49 00000004         ;               DCD     __SVC_1                 ; user S
                       VC function
   50 00000004         
   51 00000004         SVC_End
   52 00000004         
   53 00000004                 END
Command Line: --debug --xref --diag_suppress=9931 --cpu=Cortex-M4.fp --apcs=int
erwork --depend=.\build\svc_table.d -o.\build\svc_table.o -I"C:\Users\anura_000
\Google Drive\Embedded_Architecture\projects\project3\Code3_3\Code312\RTOS\RTE"
 -IC:\Keil_v5\ARM\PACK\Keil\STM32F4xx_DFP\2.6.0\Drivers\CMSIS\Device\ST\STM32F4
xx\Include -IC:\Keil_v5\ARM\CMSIS\Include --predefine="__EVAL SETA 1" --predefi
ne="__MICROLIB SETA 1" --predefine="__UVISION_VERSION SETA 516" --predefine="ST
M32F401xC SETA 1" --list=.\build\svc_table.lst mbed-rtos\rtx\TARGET_M4\TOOLCHAI
N_ARM\SVC_Table.s



ARM Macro Assembler    Page 1 Alphabetic symbol ordering
Relocatable symbols

SVC_Count 00000000

Symbol: SVC_Count
   Definitions
      At line 41 in file mbed-rtos\rtx\TARGET_M4\TOOLCHAIN_ARM\SVC_Table.s
   Uses
      At line 38 in file mbed-rtos\rtx\TARGET_M4\TOOLCHAIN_ARM\SVC_Table.s
Comment: SVC_Count used once
SVC_End 00000004

Symbol: SVC_End
   Definitions
      At line 51 in file mbed-rtos\rtx\TARGET_M4\TOOLCHAIN_ARM\SVC_Table.s
   Uses
      At line 40 in file mbed-rtos\rtx\TARGET_M4\TOOLCHAIN_ARM\SVC_Table.s
Comment: SVC_End used once
SVC_TABLE 00000000

Symbol: SVC_TABLE
   Definitions
      At line 36 in file mbed-rtos\rtx\TARGET_M4\TOOLCHAIN_ARM\SVC_Table.s
   Uses
      None
Comment: SVC_TABLE unused
SVC_Table 00000004

Symbol: SVC_Table
   Definitions
      At line 47 in file mbed-rtos\rtx\TARGET_M4\TOOLCHAIN_ARM\SVC_Table.s
   Uses
      At line 40 in file mbed-rtos\rtx\TARGET_M4\TOOLCHAIN_ARM\SVC_Table.s
      At line 46 in file mbed-rtos\rtx\TARGET_M4\TOOLCHAIN_ARM\SVC_Table.s

4 symbols



ARM Macro Assembler    Page 1 Alphabetic symbol ordering
Absolute symbols

SVC_Cnt 00000000

Symbol: SVC_Cnt
   Definitions
      At line 40 in file mbed-rtos\rtx\TARGET_M4\TOOLCHAIN_ARM\SVC_Table.s
   Uses
      At line 41 in file mbed-rtos\rtx\TARGET_M4\TOOLCHAIN_ARM\SVC_Table.s
Comment: SVC_Cnt used once
1 symbol
339 symbols in table
